\BOOKMARK [0][-]{chapter.1}{Motivation}{}% 1
\BOOKMARK [1][-]{section.1.1}{Scientific motivation}{chapter.1}% 2
\BOOKMARK [1][-]{section.1.2}{Technological / engineering motivation}{chapter.1}% 3
\BOOKMARK [0][-]{chapter.2}{Introduction}{}% 4
\BOOKMARK [1][-]{section.2.1}{The history of OGMA}{chapter.2}% 5
\BOOKMARK [1][-]{section.2.2}{How this thesis is structured}{chapter.2}% 6
\BOOKMARK [1][-]{section.2.3}{How Machine Learning / KDDM are approached today}{chapter.2}% 7
\BOOKMARK [1][-]{section.2.4}{A Web based approach - why?}{chapter.2}% 8
\BOOKMARK [1][-]{section.2.5}{How a Web based approach could benefit users, researchers and society}{chapter.2}% 9
\BOOKMARK [1][-]{section.2.6}{General applications}{chapter.2}% 10
\BOOKMARK [2][-]{subsection.2.6.1}{education}{section.2.6}% 11
\BOOKMARK [2][-]{subsection.2.6.2}{algorithm design / test \(on small graphs\)}{section.2.6}% 12
\BOOKMARK [2][-]{subsection.2.6.3}{fast prototyping}{section.2.6}% 13
\BOOKMARK [2][-]{subsection.2.6.4}{research platform}{section.2.6}% 14
\BOOKMARK [0][-]{chapter.3}{GRAPHINIUS as a platform}{}% 15
\BOOKMARK [1][-]{section.3.1}{General Properties}{chapter.3}% 16
\BOOKMARK [2][-]{subsection.3.1.1}{Automatic real-time visualization \(switchable\)}{section.3.1}% 17
\BOOKMARK [2][-]{subsection.3.1.2}{Online documentation}{section.3.1}% 18
\BOOKMARK [2][-]{subsection.3.1.3}{Example graph datastructures}{section.3.1}% 19
\BOOKMARK [2][-]{subsection.3.1.4}{User profiles}{section.3.1}% 20
\BOOKMARK [2][-]{subsection.3.1.5}{Save and fork experiments}{section.3.1}% 21
\BOOKMARK [2][-]{subsection.3.1.6}{Distributable via URL \(like e.g. Codepen\)}{section.3.1}% 22
\BOOKMARK [2][-]{subsection.3.1.7}{Can write own algorithm and use on given graphs}{section.3.1}% 23
\BOOKMARK [1][-]{section.3.2}{Graph Properties}{chapter.3}% 24
\BOOKMARK [2][-]{subsection.3.2.1}{Mixed mode graph}{section.3.2}% 25
\BOOKMARK [2][-]{subsection.3.2.2}{Node and edge types}{section.3.2}% 26
\BOOKMARK [2][-]{subsection.3.2.3}{Object oriented}{section.3.2}% 27
\BOOKMARK [1][-]{section.3.3}{Online Editor}{chapter.3}% 28
\BOOKMARK [2][-]{subsection.3.3.1}{Build \046 edit}{section.3.3}% 29
\BOOKMARK [2][-]{subsection.3.3.2}{fork \046 extend}{section.3.3}% 30
\BOOKMARK [2][-]{subsection.3.3.3}{publish via simple URL}{section.3.3}% 31
\BOOKMARK [1][-]{section.3.4}{Real world suitability}{chapter.3}% 32
\BOOKMARK [2][-]{subsection.3.4.1}{Collaborative platform \(research teams...\)}{section.3.4}% 33
\BOOKMARK [2][-]{subsection.3.4.2}{Reproducibility}{section.3.4}% 34
\BOOKMARK [2][-]{subsection.3.4.3}{Corroborate research results}{section.3.4}% 35
\BOOKMARK [2][-]{subsection.3.4.4}{Prototyping}{section.3.4}% 36
\BOOKMARK [2][-]{subsection.3.4.5}{Build trust}{section.3.4}% 37
\BOOKMARK [1][-]{section.3.5}{Algorithm Marketplace}{chapter.3}% 38
\BOOKMARK [2][-]{subsection.3.5.1}{extendable algorithm database}{section.3.5}% 39
\BOOKMARK [2][-]{subsection.3.5.2}{personal algorithms}{section.3.5}% 40
\BOOKMARK [2][-]{subsection.3.5.3}{publishable}{section.3.5}% 41
\BOOKMARK [2][-]{subsection.3.5.4}{community database}{section.3.5}% 42
\BOOKMARK [0][-]{chapter.4}{Applications}{}% 43
\BOOKMARK [1][-]{section.4.1}{Areas of application}{chapter.4}% 44
\BOOKMARK [2][-]{subsection.4.1.1}{Social networks}{section.4.1}% 45
\BOOKMARK [2][-]{subsection.4.1.2}{Information networks}{section.4.1}% 46
\BOOKMARK [2][-]{subsection.4.1.3}{Communication networks}{section.4.1}% 47
\BOOKMARK [2][-]{subsection.4.1.4}{Transportation networks \(Traffic analysis\)}{section.4.1}% 48
\BOOKMARK [2][-]{subsection.4.1.5}{Graph based image processing}{section.4.1}% 49
\BOOKMARK [2][-]{subsection.4.1.6}{Graph based NLP}{section.4.1}% 50
\BOOKMARK [2][-]{subsection.4.1.7}{Biomedical applications \(protein networks etc.\)}{section.4.1}% 51
\BOOKMARK [2][-]{subsection.4.1.8}{Anonymization}{section.4.1}% 52
\BOOKMARK [2][-]{subsection.4.1.9}{Percolation}{section.4.1}% 53
\BOOKMARK [1][-]{section.4.2}{Application specific requirements}{chapter.4}% 54
\BOOKMARK [2][-]{subsection.4.2.1}{Data Structures}{section.4.2}% 55
\BOOKMARK [2][-]{subsection.4.2.2}{Data Cleaning}{section.4.2}% 56
\BOOKMARK [2][-]{subsection.4.2.3}{Preprocessing}{section.4.2}% 57
\BOOKMARK [2][-]{subsection.4.2.4}{Feature Selection}{section.4.2}% 58
\BOOKMARK [2][-]{subsection.4.2.5}{Data Mining}{section.4.2}% 59
\BOOKMARK [2][-]{subsection.4.2.6}{Postprocessing}{section.4.2}% 60
\BOOKMARK [2][-]{subsection.4.2.7}{Visualization}{section.4.2}% 61
\BOOKMARK [2][-]{subsection.4.2.8}{Interaction / user feedback \(iML\)}{section.4.2}% 62
\BOOKMARK [0][-]{chapter.5}{Related Work - Survey of graph libraries}{}% 63
\BOOKMARK [1][-]{section.5.1}{C++}{chapter.5}% 64
\BOOKMARK [2][-]{subsection.5.1.1}{Boost Graph Library \(BGL\)}{section.5.1}% 65
\BOOKMARK [2][-]{subsection.5.1.2}{Lemon \(C++\)}{section.5.1}% 66
\BOOKMARK [2][-]{subsection.5.1.3}{igraph \(c, python, R\)}{section.5.1}% 67
\BOOKMARK [2][-]{subsection.5.1.4}{GraphTool}{section.5.1}% 68
\BOOKMARK [1][-]{section.5.2}{Java}{chapter.5}% 69
\BOOKMARK [2][-]{subsection.5.2.1}{GraphStream}{section.5.2}% 70
\BOOKMARK [2][-]{subsection.5.2.2}{JUNG}{section.5.2}% 71
\BOOKMARK [2][-]{subsection.5.2.3}{JGraphT}{section.5.2}% 72
\BOOKMARK [2][-]{subsection.5.2.4}{Grph}{section.5.2}% 73
\BOOKMARK [1][-]{section.5.3}{Python}{chapter.5}% 74
\BOOKMARK [2][-]{subsection.5.3.1}{Networkx}{section.5.3}% 75
\BOOKMARK [1][-]{section.5.4}{Ruby}{chapter.5}% 76
\BOOKMARK [2][-]{subsection.5.4.1}{graphy}{section.5.4}% 77
\BOOKMARK [2][-]{subsection.5.4.2}{RGL}{section.5.4}% 78
\BOOKMARK [1][-]{section.5.5}{Other \(Matlab, R, whatever\)}{chapter.5}% 79
\BOOKMARK [2][-]{subsection.5.5.1}{The R graph package \(discontinued, just mention\)}{section.5.5}% 80
\BOOKMARK [2][-]{subsection.5.5.2}{Matlab BGL}{section.5.5}% 81
\BOOKMARK [2][-]{subsection.5.5.3}{Graphs.jl \(Julia\)}{section.5.5}% 82
\BOOKMARK [2][-]{subsection.5.5.4}{scala-graph}{section.5.5}% 83
\BOOKMARK [2][-]{subsection.5.5.5}{Cassovary \(JVM, written in Scala\)}{section.5.5}% 84
\BOOKMARK [2][-]{subsection.5.5.6}{loom \(Clojure\)}{section.5.5}% 85
\BOOKMARK [1][-]{section.5.6}{Graph visualization tools}{chapter.5}% 86
\BOOKMARK [2][-]{subsection.5.6.1}{Gephi}{section.5.6}% 87
\BOOKMARK [2][-]{subsection.5.6.2}{GraphViz}{section.5.6}% 88
\BOOKMARK [2][-]{subsection.5.6.3}{Infovis}{section.5.6}% 89
\BOOKMARK [2][-]{subsection.5.6.4}{D3.js, plotly\(js\), Sigma, Cytoscape, vis.js \(JS\), Vivagraph}{section.5.6}% 90
\BOOKMARK [1][-]{section.5.7}{Why YAGL \(Yet another graph library\) in JS?}{chapter.5}% 91
\BOOKMARK [2][-]{subsection.5.7.1}{runs in the browser as well as on the server via node.js}{section.5.7}% 92
\BOOKMARK [2][-]{subsection.5.7.2}{browser makes integration with visualization libraries a breeze}{section.5.7}% 93
\BOOKMARK [2][-]{subsection.5.7.3}{no installation necessary}{section.5.7}% 94
\BOOKMARK [2][-]{subsection.5.7.4}{could run via dnd ui interface \(no programming needed\)}{section.5.7}% 95
\BOOKMARK [2][-]{subsection.5.7.5}{extendable via server-side snippets of source code \(algo database\)}{section.5.7}% 96
\BOOKMARK [0][-]{chapter.6}{Architecture of GRAPHINIUS}{}% 97
\BOOKMARK [1][-]{section.6.1}{Graphinius Base}{chapter.6}% 98
\BOOKMARK [1][-]{section.6.2}{Graphinius JS}{chapter.6}% 99
\BOOKMARK [2][-]{subsection.6.2.1}{Input / Output}{section.6.2}% 100
\BOOKMARK [2][-]{subsection.6.2.2}{Graph Core}{section.6.2}% 101
\BOOKMARK [2][-]{subsection.6.2.3}{Algorithms}{section.6.2}% 102
\BOOKMARK [1][-]{section.6.3}{The Op-Log}{chapter.6}% 103
\BOOKMARK [2][-]{subsection.6.3.1}{Timeline}{section.6.3}% 104
\BOOKMARK [2][-]{subsection.6.3.2}{History Object}{section.6.3}% 105
\BOOKMARK [2][-]{subsection.6.3.3}{Vocabulary}{section.6.3}% 106
\BOOKMARK [2][-]{subsection.6.3.4}{Rendering Mechanism}{section.6.3}% 107
\BOOKMARK [1][-]{section.6.4}{Graphinius VIS}{chapter.6}% 108
\BOOKMARK [2][-]{subsection.6.4.1}{2D/3D Mode}{section.6.4}% 109
\BOOKMARK [2][-]{subsection.6.4.2}{Navigation}{section.6.4}% 110
\BOOKMARK [2][-]{subsection.6.4.3}{Graph Layouts}{section.6.4}% 111
\BOOKMARK [2][-]{subsection.6.4.4}{Interaction / Manipulation}{section.6.4}% 112
\BOOKMARK [2][-]{subsection.6.4.5}{Timeline rewind / repeat}{section.6.4}% 113
\BOOKMARK [1][-]{section.6.5}{Areas of Applications \(AoA\)}{chapter.6}% 114
\BOOKMARK [2][-]{subsection.6.5.1}{Online Editor}{section.6.5}% 115
\BOOKMARK [2][-]{subsection.6.5.2}{Biomedical Applications}{section.6.5}% 116
\BOOKMARK [2][-]{subsection.6.5.3}{SN Anonymization}{section.6.5}% 117
\BOOKMARK [1][-]{section.6.6}{Platform Services}{chapter.6}% 118
\BOOKMARK [2][-]{subsection.6.6.1}{Personal Profile}{section.6.6}% 119
\BOOKMARK [2][-]{subsection.6.6.2}{Teams}{section.6.6}% 120
\BOOKMARK [2][-]{subsection.6.6.3}{Output / Reports}{section.6.6}% 121
\BOOKMARK [0][-]{chapter.7}{Software Requirements \046 Survey}{}% 122
\BOOKMARK [1][-]{section.7.1}{graphinius.js library}{chapter.7}% 123
\BOOKMARK [2][-]{subsection.7.1.1}{Basic language}{section.7.1}% 124
\BOOKMARK [2][-]{subsection.7.1.2}{Build system}{section.7.1}% 125
\BOOKMARK [2][-]{subsection.7.1.3}{Testing}{section.7.1}% 126
\BOOKMARK [2][-]{subsection.7.1.4}{Build system for browser}{section.7.1}% 127
\BOOKMARK [1][-]{section.7.2}{Online Platform}{chapter.7}% 128
\BOOKMARK [2][-]{subsection.7.2.1}{Framework Choice Client Side}{section.7.2}% 129
\BOOKMARK [2][-]{subsection.7.2.2}{Server-Side infrastructure}{section.7.2}% 130
\BOOKMARK [2][-]{subsection.7.2.3}{Executing expensive tasks - WebWorkers}{section.7.2}% 131
\BOOKMARK [0][-]{chapter.8}{Implementation}{}% 132
\BOOKMARK [1][-]{section.8.1}{Development approach}{chapter.8}% 133
\BOOKMARK [2][-]{subsection.8.1.1}{Agile}{section.8.1}% 134
\BOOKMARK [2][-]{subsection.8.1.2}{scrum}{section.8.1}% 135
\BOOKMARK [2][-]{subsection.8.1.3}{What I did...}{section.8.1}% 136
\BOOKMARK [1][-]{section.8.2}{Web Development approach}{chapter.8}% 137
\BOOKMARK [1][-]{section.8.3}{Testing approach}{chapter.8}% 138
\BOOKMARK [2][-]{subsection.8.3.1}{Unit tests}{section.8.3}% 139
\BOOKMARK [2][-]{subsection.8.3.2}{Functional tests}{section.8.3}% 140
\BOOKMARK [2][-]{subsection.8.3.3}{GUI / Integration tests}{section.8.3}% 141
\BOOKMARK [1][-]{section.8.4}{Data Models}{chapter.8}% 142
\BOOKMARK [2][-]{subsection.8.4.1}{Users}{section.8.4}% 143
\BOOKMARK [2][-]{subsection.8.4.2}{Experiments}{section.8.4}% 144
\BOOKMARK [2][-]{subsection.8.4.3}{Algorithms}{section.8.4}% 145
\BOOKMARK [2][-]{subsection.8.4.4}{Profile / Settings}{section.8.4}% 146
\BOOKMARK [1][-]{section.8.5}{Implemented Algorithms}{chapter.8}% 147
\BOOKMARK [2][-]{subsection.8.5.1}{Core Search - BFS / DFS}{section.8.5}% 148
\BOOKMARK [2][-]{subsection.8.5.2}{Topological Sorting / SCC}{section.8.5}% 149
\BOOKMARK [2][-]{subsection.8.5.3}{Degree Distribution}{section.8.5}% 150
\BOOKMARK [2][-]{subsection.8.5.4}{Centralities}{section.8.5}% 151
\BOOKMARK [2][-]{subsection.8.5.5}{Shortest paths}{section.8.5}% 152
\BOOKMARK [2][-]{subsection.8.5.6}{Clustering}{section.8.5}% 153
\BOOKMARK [0][-]{chapter.9}{Implemented Use Cases \(Demo\)}{}% 154
\BOOKMARK [1][-]{section.9.1}{Manual editing \(predefined structures\)}{chapter.9}% 155
\BOOKMARK [1][-]{section.9.2}{Graph extraction from images \(graphs in preprocessing\)}{chapter.9}% 156
\BOOKMARK [1][-]{section.9.3}{Anonymity: SaNGreeA \(with iML\)}{chapter.9}% 157
\BOOKMARK [1][-]{section.9.4}{NLP: Community extraction \046 group labeling \(OPTIONAL !!\)}{chapter.9}% 158
\BOOKMARK [0][-]{chapter.10}{Results and Discussion}{}% 159
\BOOKMARK [1][-]{section.10.1}{Time to implementation}{chapter.10}% 160
\BOOKMARK [1][-]{section.10.2}{Complexity / size of code}{chapter.10}% 161
\BOOKMARK [1][-]{section.10.3}{Test coverage}{chapter.10}% 162
\BOOKMARK [1][-]{section.10.4}{Size of input graphs}{chapter.10}% 163
\BOOKMARK [1][-]{section.10.5}{Execution speed in various scenarios}{chapter.10}% 164
\BOOKMARK [0][-]{chapter.11}{Open Problems \046 Future Work}{}% 165
\BOOKMARK [1][-]{section.11.1}{Graph generators \(graph types\)}{chapter.11}% 166
\BOOKMARK [1][-]{section.11.2}{Graph classifiers}{chapter.11}% 167
\BOOKMARK [1][-]{section.11.3}{JSVM based grid computing}{chapter.11}% 168
\BOOKMARK [1][-]{section.11.4}{General processing / ML pipelines}{chapter.11}% 169
\BOOKMARK [1][-]{section.11.5}{Meta ML / heuristics database}{chapter.11}% 170
\BOOKMARK [1][-]{section.11.6}{Algorithmic recommender}{chapter.11}% 171
\BOOKMARK [0][-]{chapter.12}{Conclusion}{}% 172
\BOOKMARK [0][-]{appendix.A}{Data Schema}{}% 173
\BOOKMARK [0][-]{appendix.B}{GraphiniusJS API}{}% 174
\BOOKMARK [0][-]{section*.43}{List of Figures}{}% 175
\BOOKMARK [0][-]{section*.45}{List of Tables}{}% 176
\BOOKMARK [0][-]{section*.47}{References}{}% 177
